[0.042s] Invoking command in '/home/albin/Master-Thesis---Degree-Project-in-Automatic-Control-for-Engineers---FRTM01/ros2_ws/build/ur_gazebo': AMENT_PREFIX_PATH=/home/albin/Master-Thesis---Degree-Project-in-Automatic-Control-for-Engineers---FRTM01/ros2_ws/install/ur_description:${AMENT_PREFIX_PATH} CMAKE_PREFIX_PATH=/home/albin/Master-Thesis---Degree-Project-in-Automatic-Control-for-Engineers---FRTM01/ros2_ws/install/ur_description:/opt/ros/humble /usr/bin/cmake /home/albin/Master-Thesis---Degree-Project-in-Automatic-Control-for-Engineers---FRTM01/ros2_ws/src/ur_gazebo -DCMAKE_INSTALL_PREFIX=/home/albin/Master-Thesis---Degree-Project-in-Automatic-Control-for-Engineers---FRTM01/ros2_ws/install/ur_gazebo
[0.079s] -- The C compiler identification is GNU 11.4.0
[0.116s] -- The CXX compiler identification is GNU 11.4.0
[0.122s] -- Detecting C compiler ABI info
[0.171s] -- Detecting C compiler ABI info - done
[0.176s] -- Check for working C compiler: /usr/bin/cc - skipped
[0.177s] -- Detecting C compile features
[0.177s] -- Detecting C compile features - done
[0.179s] -- Detecting CXX compiler ABI info
[0.235s] -- Detecting CXX compiler ABI info - done
[0.240s] -- Check for working CXX compiler: /usr/bin/c++ - skipped
[0.240s] -- Detecting CXX compile features
[0.240s] -- Detecting CXX compile features - done
[0.242s] -- Found ament_cmake: 1.3.7 (/opt/ros/humble/share/ament_cmake/cmake)
[0.356s] -- Found Python3: /usr/bin/python3.10 (found version "3.10.12") found components: Interpreter 
[0.438s] -- Found rclpy: 3.3.11 (/opt/ros/humble/share/rclpy/cmake)
[0.497s] [31mCMake Error at CMakeLists.txt:11 (find_package):
[0.497s]   By not providing "Findgazebo_rs.cmake" in CMAKE_MODULE_PATH this project
[0.497s]   has asked CMake to find a package configuration file provided by
[0.497s]   "gazebo_rs", but CMake did not find one.
[0.497s] 
[0.497s]   Could not find a package configuration file provided by "gazebo_rs" with
[0.498s]   any of the following names:
[0.498s] 
[0.498s]     gazebo_rsConfig.cmake
[0.498s]     gazebo_rs-config.cmake
[0.498s] 
[0.498s]   Add the installation prefix of "gazebo_rs" to CMAKE_PREFIX_PATH or set
[0.498s]   "gazebo_rs_DIR" to a directory containing one of the above files.  If
[0.498s]   "gazebo_rs" provides a separate development package or SDK, be sure it has
[0.498s]   been installed.
[0.498s] 
[0.498s] [0m
[0.498s] -- Configuring incomplete, errors occurred!
[0.498s] See also "/home/albin/Master-Thesis---Degree-Project-in-Automatic-Control-for-Engineers---FRTM01/ros2_ws/build/ur_gazebo/CMakeFiles/CMakeOutput.log".
[0.502s] Invoked command in '/home/albin/Master-Thesis---Degree-Project-in-Automatic-Control-for-Engineers---FRTM01/ros2_ws/build/ur_gazebo' returned '1': AMENT_PREFIX_PATH=/home/albin/Master-Thesis---Degree-Project-in-Automatic-Control-for-Engineers---FRTM01/ros2_ws/install/ur_description:${AMENT_PREFIX_PATH} CMAKE_PREFIX_PATH=/home/albin/Master-Thesis---Degree-Project-in-Automatic-Control-for-Engineers---FRTM01/ros2_ws/install/ur_description:/opt/ros/humble /usr/bin/cmake /home/albin/Master-Thesis---Degree-Project-in-Automatic-Control-for-Engineers---FRTM01/ros2_ws/src/ur_gazebo -DCMAKE_INSTALL_PREFIX=/home/albin/Master-Thesis---Degree-Project-in-Automatic-Control-for-Engineers---FRTM01/ros2_ws/install/ur_gazebo
