[0.044s] Invoking command in '/home/albin/Master-Thesis---Degree-Project-in-Automatic-Control-for-Engineers---FRTM01/ros2_ws/src/build/ur_description': CMAKE_PREFIX_PATH=/opt/ros/humble /usr/bin/cmake /home/albin/Master-Thesis---Degree-Project-in-Automatic-Control-for-Engineers---FRTM01/ros2_ws/src/Universal_Robots_ROS2_Description/Universal_Robots_ROS2_Description -DCMAKE_INSTALL_PREFIX=/home/albin/Master-Thesis---Degree-Project-in-Automatic-Control-for-Engineers---FRTM01/ros2_ws/src/install/ur_description
[0.081s] -- The C compiler identification is GNU 11.4.0
[0.120s] -- The CXX compiler identification is GNU 11.4.0
[0.125s] -- Detecting C compiler ABI info
[0.176s] -- Detecting C compiler ABI info - done
[0.180s] -- Check for working C compiler: /usr/bin/cc - skipped
[0.181s] -- Detecting C compile features
[0.181s] -- Detecting C compile features - done
[0.183s] -- Detecting CXX compiler ABI info
[0.242s] -- Detecting CXX compiler ABI info - done
[0.246s] -- Check for working CXX compiler: /usr/bin/c++ - skipped
[0.247s] -- Detecting CXX compile features
[0.247s] -- Detecting CXX compile features - done
[0.249s] -- Found ament_cmake: 1.3.7 (/opt/ros/humble/share/ament_cmake/cmake)
[0.364s] -- Found Python3: /usr/bin/python3.10 (found version "3.10.12") found components: Interpreter 
[0.427s] -- Found ament_cmake_pytest: 1.3.7 (/opt/ros/humble/share/ament_cmake_pytest/cmake)
[1.121s] -- Configuring done
[1.145s] -- Generating done
[1.146s] -- Build files have been written to: /home/albin/Master-Thesis---Degree-Project-in-Automatic-Control-for-Engineers---FRTM01/ros2_ws/src/build/ur_description
[1.150s] Invoked command in '/home/albin/Master-Thesis---Degree-Project-in-Automatic-Control-for-Engineers---FRTM01/ros2_ws/src/build/ur_description' returned '0': CMAKE_PREFIX_PATH=/opt/ros/humble /usr/bin/cmake /home/albin/Master-Thesis---Degree-Project-in-Automatic-Control-for-Engineers---FRTM01/ros2_ws/src/Universal_Robots_ROS2_Description/Universal_Robots_ROS2_Description -DCMAKE_INSTALL_PREFIX=/home/albin/Master-Thesis---Degree-Project-in-Automatic-Control-for-Engineers---FRTM01/ros2_ws/src/install/ur_description
[1.152s] Invoking command in '/home/albin/Master-Thesis---Degree-Project-in-Automatic-Control-for-Engineers---FRTM01/ros2_ws/src/build/ur_description': CMAKE_PREFIX_PATH=/opt/ros/humble /usr/bin/cmake --build /home/albin/Master-Thesis---Degree-Project-in-Automatic-Control-for-Engineers---FRTM01/ros2_ws/src/build/ur_description -- -j12 -l12
[1.181s] Invoked command in '/home/albin/Master-Thesis---Degree-Project-in-Automatic-Control-for-Engineers---FRTM01/ros2_ws/src/build/ur_description' returned '0': CMAKE_PREFIX_PATH=/opt/ros/humble /usr/bin/cmake --build /home/albin/Master-Thesis---Degree-Project-in-Automatic-Control-for-Engineers---FRTM01/ros2_ws/src/build/ur_description -- -j12 -l12
[1.204s] Invoking command in '/home/albin/Master-Thesis---Degree-Project-in-Automatic-Control-for-Engineers---FRTM01/ros2_ws/src/build/ur_description': CMAKE_PREFIX_PATH=/opt/ros/humble /usr/bin/cmake --install /home/albin/Master-Thesis---Degree-Project-in-Automatic-Control-for-Engineers---FRTM01/ros2_ws/src/build/ur_description
[1.209s] -- Install configuration: ""
[1.209s] -- Installing: /home/albin/Master-Thesis---Degree-Project-in-Automatic-Control-for-Engineers---FRTM01/ros2_ws/src/install/ur_description/share/ur_description/config
[1.209s] -- Installing: /home/albin/Master-Thesis---Degree-Project-in-Automatic-Control-for-Engineers---FRTM01/ros2_ws/src/install/ur_description/share/ur_description/config/ur10e
[1.209s] -- Installing: /home/albin/Master-Thesis---Degree-Project-in-Automatic-Control-for-Engineers---FRTM01/ros2_ws/src/install/ur_description/share/ur_description/config/ur10e/physical_parameters.yaml
[1.209s] -- Installing: /home/albin/Master-Thesis---Degree-Project-in-Automatic-Control-for-Engineers---FRTM01/ros2_ws/src/install/ur_description/share/ur_description/config/ur10e/joint_limits.yaml
[1.209s] -- Installing: /home/albin/Master-Thesis---Degree-Project-in-Automatic-Control-for-Engineers---FRTM01/ros2_ws/src/install/ur_description/share/ur_description/config/ur10e/default_kinematics.yaml
[1.210s] -- Installing: /home/albin/Master-Thesis---Degree-Project-in-Automatic-Control-for-Engineers---FRTM01/ros2_ws/src/install/ur_description/share/ur_description/config/ur10e/visual_parameters.yaml
[1.210s] -- Installing: /home/albin/Master-Thesis---Degree-Project-in-Automatic-Control-for-Engineers---FRTM01/ros2_ws/src/install/ur_description/share/ur_description/config/ur3
[1.210s] -- Installing: /home/albin/Master-Thesis---Degree-Project-in-Automatic-Control-for-Engineers---FRTM01/ros2_ws/src/install/ur_description/share/ur_description/config/ur3/physical_parameters.yaml
[1.210s] -- Installing: /home/albin/Master-Thesis---Degree-Project-in-Automatic-Control-for-Engineers---FRTM01/ros2_ws/src/install/ur_description/share/ur_description/config/ur3/joint_limits.yaml
[1.210s] -- Installing: /home/albin/Master-Thesis---Degree-Project-in-Automatic-Control-for-Engineers---FRTM01/ros2_ws/src/install/ur_description/share/ur_description/config/ur3/default_kinematics.yaml
[1.210s] -- Installing: /home/albin/Master-Thesis---Degree-Project-in-Automatic-Control-for-Engineers---FRTM01/ros2_ws/src/install/ur_description/share/ur_description/config/ur3/visual_parameters.yaml
[1.210s] -- Installing: /home/albin/Master-Thesis---Degree-Project-in-Automatic-Control-for-Engineers---FRTM01/ros2_ws/src/install/ur_description/share/ur_description/config/ur30
[1.210s] -- Installing: /home/albin/Master-Thesis---Degree-Project-in-Automatic-Control-for-Engineers---FRTM01/ros2_ws/src/install/ur_description/share/ur_description/config/ur30/physical_parameters.yaml
[1.210s] -- Installing: /home/albin/Master-Thesis---Degree-Project-in-Automatic-Control-for-Engineers---FRTM01/ros2_ws/src/install/ur_description/share/ur_description/config/ur30/joint_limits.yaml
[1.210s] -- Installing: /home/albin/Master-Thesis---Degree-Project-in-Automatic-Control-for-Engineers---FRTM01/ros2_ws/src/install/ur_description/share/ur_description/config/ur30/default_kinematics.yaml
[1.210s] -- Installing: /home/albin/Master-Thesis---Degree-Project-in-Automatic-Control-for-Engineers---FRTM01/ros2_ws/src/install/ur_description/share/ur_description/config/ur30/visual_parameters.yaml
[1.211s] -- Installing: /home/albin/Master-Thesis---Degree-Project-in-Automatic-Control-for-Engineers---FRTM01/ros2_ws/src/install/ur_description/share/ur_description/config/ur10
[1.211s] -- Installing: /home/albin/Master-Thesis---Degree-Project-in-Automatic-Control-for-Engineers---FRTM01/ros2_ws/src/install/ur_description/share/ur_description/config/ur10/physical_parameters.yaml
[1.211s] -- Installing: /home/albin/Master-Thesis---Degree-Project-in-Automatic-Control-for-Engineers---FRTM01/ros2_ws/src/install/ur_description/share/ur_description/config/ur10/joint_limits.yaml
[1.211s] -- Installing: /home/albin/Master-Thesis---Degree-Project-in-Automatic-Control-for-Engineers---FRTM01/ros2_ws/src/install/ur_description/share/ur_description/config/ur10/default_kinematics.yaml
[1.211s] -- Installing: /home/albin/Master-Thesis---Degree-Project-in-Automatic-Control-for-Engineers---FRTM01/ros2_ws/src/install/ur_description/share/ur_description/config/ur10/visual_parameters.yaml
[1.211s] -- Installing: /home/albin/Master-Thesis---Degree-Project-in-Automatic-Control-for-Engineers---FRTM01/ros2_ws/src/install/ur_description/share/ur_description/config/ur5
[1.211s] -- Installing: /home/albin/Master-Thesis---Degree-Project-in-Automatic-Control-for-Engineers---FRTM01/ros2_ws/src/install/ur_description/share/ur_description/config/ur5/physical_parameters.yaml
[1.211s] -- Installing: /home/albin/Master-Thesis---Degree-Project-in-Automatic-Control-for-Engineers---FRTM01/ros2_ws/src/install/ur_description/share/ur_description/config/ur5/joint_limits.yaml
[1.211s] -- Installing: /home/albin/Master-Thesis---Degree-Project-in-Automatic-Control-for-Engineers---FRTM01/ros2_ws/src/install/ur_description/share/ur_description/config/ur5/default_kinematics.yaml
[1.211s] -- Installing: /home/albin/Master-Thesis---Degree-Project-in-Automatic-Control-for-Engineers---FRTM01/ros2_ws/src/install/ur_description/share/ur_description/config/ur5/visual_parameters.yaml
[1.211s] -- Installing: /home/albin/Master-Thesis---Degree-Project-in-Automatic-Control-for-Engineers---FRTM01/ros2_ws/src/install/ur_description/share/ur_description/config/ur5e
[1.212s] -- Installing: /home/albin/Master-Thesis---Degree-Project-in-Automatic-Control-for-Engineers---FRTM01/ros2_ws/src/install/ur_description/share/ur_description/config/ur5e/physical_parameters.yaml
[1.212s] -- Installing: /home/albin/Master-Thesis---Degree-Project-in-Automatic-Control-for-Engineers---FRTM01/ros2_ws/src/install/ur_description/share/ur_description/config/ur5e/joint_limits.yaml
[1.212s] -- Installing: /home/albin/Master-Thesis---Degree-Project-in-Automatic-Control-for-Engineers---FRTM01/ros2_ws/src/install/ur_description/share/ur_description/config/ur5e/default_kinematics.yaml
[1.212s] -- Installing: /home/albin/Master-Thesis---Degree-Project-in-Automatic-Control-for-Engineers---FRTM01/ros2_ws/src/install/ur_description/share/ur_description/config/ur5e/visual_parameters.yaml
[1.212s] -- Installing: /home/albin/Master-Thesis---Degree-Project-in-Automatic-Control-for-Engineers---FRTM01/ros2_ws/src/install/ur_description/share/ur_description/config/ur16e
[1.212s] -- Installing: /home/albin/Master-Thesis---Degree-Project-in-Automatic-Control-for-Engineers---FRTM01/ros2_ws/src/install/ur_description/share/ur_description/config/ur16e/physical_parameters.yaml
[1.212s] -- Installing: /home/albin/Master-Thesis---Degree-Project-in-Automatic-Control-for-Engineers---FRTM01/ros2_ws/src/install/ur_description/share/ur_description/config/ur16e/joint_limits.yaml
[1.212s] -- Installing: /home/albin/Master-Thesis---Degree-Project-in-Automatic-Control-for-Engineers---FRTM01/ros2_ws/src/install/ur_description/share/ur_description/config/ur16e/default_kinematics.yaml
[1.212s] -- Installing: /home/albin/Master-Thesis---Degree-Project-in-Automatic-Control-for-Engineers---FRTM01/ros2_ws/src/install/ur_description/share/ur_description/config/ur16e/visual_parameters.yaml
[1.212s] -- Installing: /home/albin/Master-Thesis---Degree-Project-in-Automatic-Control-for-Engineers---FRTM01/ros2_ws/src/install/ur_description/share/ur_description/config/ur20
[1.212s] -- Installing: /home/albin/Master-Thesis---Degree-Project-in-Automatic-Control-for-Engineers---FRTM01/ros2_ws/src/install/ur_description/share/ur_description/config/ur20/physical_parameters.yaml
[1.213s] -- Installing: /home/albin/Master-Thesis---Degree-Project-in-Automatic-Control-for-Engineers---FRTM01/ros2_ws/src/install/ur_description/share/ur_description/config/ur20/joint_limits.yaml
[1.213s] -- Installing: /home/albin/Master-Thesis---Degree-Project-in-Automatic-Control-for-Engineers---FRTM01/ros2_ws/src/install/ur_description/share/ur_description/config/ur20/default_kinematics.yaml
[1.213s] -- Installing: /home/albin/Master-Thesis---Degree-Project-in-Automatic-Control-for-Engineers---FRTM01/ros2_ws/src/install/ur_description/share/ur_description/config/ur20/visual_parameters.yaml
[1.213s] -- Installing: /home/albin/Master-Thesis---Degree-Project-in-Automatic-Control-for-Engineers---FRTM01/ros2_ws/src/install/ur_description/share/ur_description/config/initial_positions.yaml
[1.213s] -- Installing: /home/albin/Master-Thesis---Degree-Project-in-Automatic-Control-for-Engineers---FRTM01/ros2_ws/src/install/ur_description/share/ur_description/config/ur3e
[1.213s] -- Installing: /home/albin/Master-Thesis---Degree-Project-in-Automatic-Control-for-Engineers---FRTM01/ros2_ws/src/install/ur_description/share/ur_description/config/ur3e/physical_parameters.yaml
[1.213s] -- Installing: /home/albin/Master-Thesis---Degree-Project-in-Automatic-Control-for-Engineers---FRTM01/ros2_ws/src/install/ur_description/share/ur_description/config/ur3e/joint_limits.yaml
[1.213s] -- Installing: /home/albin/Master-Thesis---Degree-Project-in-Automatic-Control-for-Engineers---FRTM01/ros2_ws/src/install/ur_description/share/ur_description/config/ur3e/default_kinematics.yaml
[1.213s] -- Installing: /home/albin/Master-Thesis---Degree-Project-in-Automatic-Control-for-Engineers---FRTM01/ros2_ws/src/install/ur_description/share/ur_description/config/ur3e/visual_parameters.yaml
[1.213s] -- Installing: /home/albin/Master-Thesis---Degree-Project-in-Automatic-Control-for-Engineers---FRTM01/ros2_ws/src/install/ur_description/share/ur_description/launch
[1.214s] -- Installing: /home/albin/Master-Thesis---Degree-Project-in-Automatic-Control-for-Engineers---FRTM01/ros2_ws/src/install/ur_description/share/ur_description/launch/view_ur.launch.py
[1.214s] -- Installing: /home/albin/Master-Thesis---Degree-Project-in-Automatic-Control-for-Engineers---FRTM01/ros2_ws/src/install/ur_description/share/ur_description/meshes
[1.214s] -- Installing: /home/albin/Master-Thesis---Degree-Project-in-Automatic-Control-for-Engineers---FRTM01/ros2_ws/src/install/ur_description/share/ur_description/meshes/ur10e
[1.214s] -- Installing: /home/albin/Master-Thesis---Degree-Project-in-Automatic-Control-for-Engineers---FRTM01/ros2_ws/src/install/ur_description/share/ur_description/meshes/ur10e/collision
[1.214s] -- Installing: /home/albin/Master-Thesis---Degree-Project-in-Automatic-Control-for-Engineers---FRTM01/ros2_ws/src/install/ur_description/share/ur_description/meshes/ur10e/collision/forearm.stl
[1.214s] -- Installing: /home/albin/Master-Thesis---Degree-Project-in-Automatic-Control-for-Engineers---FRTM01/ros2_ws/src/install/ur_description/share/ur_description/meshes/ur10e/collision/shoulder.stl
[1.214s] -- Installing: /home/albin/Master-Thesis---Degree-Project-in-Automatic-Control-for-Engineers---FRTM01/ros2_ws/src/install/ur_description/share/ur_description/meshes/ur10e/collision/wrist3.stl
[1.214s] -- Installing: /home/albin/Master-Thesis---Degree-Project-in-Automatic-Control-for-Engineers---FRTM01/ros2_ws/src/install/ur_description/share/ur_description/meshes/ur10e/collision/upperarm.stl
[1.214s] -- Installing: /home/albin/Master-Thesis---Degree-Project-in-Automatic-Control-for-Engineers---FRTM01/ros2_ws/src/install/ur_description/share/ur_description/meshes/ur10e/collision/wrist2.stl
[1.215s] -- Installing: /home/albin/Master-Thesis---Degree-Project-in-Automatic-Control-for-Engineers---FRTM01/ros2_ws/src/install/ur_description/share/ur_description/meshes/ur10e/collision/wrist1.stl
[1.215s] -- Installing: /home/albin/Master-Thesis---Degree-Project-in-Automatic-Control-for-Engineers---FRTM01/ros2_ws/src/install/ur_description/share/ur_description/meshes/ur10e/collision/base.stl
[1.215s] -- Installing: /home/albin/Master-Thesis---Degree-Project-in-Automatic-Control-for-Engineers---FRTM01/ros2_ws/src/install/ur_description/share/ur_description/meshes/ur10e/visual
[1.215s] -- Installing: /home/albin/Master-Thesis---Degree-Project-in-Automatic-Control-for-Engineers---FRTM01/ros2_ws/src/install/ur_description/share/ur_description/meshes/ur10e/visual/shoulder.dae
[1.218s] -- Installing: /home/albin/Master-Thesis---Degree-Project-in-Automatic-Control-for-Engineers---FRTM01/ros2_ws/src/install/ur_description/share/ur_description/meshes/ur10e/visual/wrist2.dae
[1.219s] -- Installing: /home/albin/Master-Thesis---Degree-Project-in-Automatic-Control-for-Engineers---FRTM01/ros2_ws/src/install/ur_description/share/ur_description/meshes/ur10e/visual/forearm.dae
[1.221s] -- Installing: /home/albin/Master-Thesis---Degree-Project-in-Automatic-Control-for-Engineers---FRTM01/ros2_ws/src/install/ur_description/share/ur_description/meshes/ur10e/visual/upperarm.dae
[1.224s] -- Installing: /home/albin/Master-Thesis---Degree-Project-in-Automatic-Control-for-Engineers---FRTM01/ros2_ws/src/install/ur_description/share/ur_description/meshes/ur10e/visual/base.dae
[1.225s] -- Installing: /home/albin/Master-Thesis---Degree-Project-in-Automatic-Control-for-Engineers---FRTM01/ros2_ws/src/install/ur_description/share/ur_description/meshes/ur10e/visual/wrist1.dae
[1.226s] -- Installing: /home/albin/Master-Thesis---Degree-Project-in-Automatic-Control-for-Engineers---FRTM01/ros2_ws/src/install/ur_description/share/ur_description/meshes/ur10e/visual/wrist3.dae
[1.226s] -- Installing: /home/albin/Master-Thesis---Degree-Project-in-Automatic-Control-for-Engineers---FRTM01/ros2_ws/src/install/ur_description/share/ur_description/meshes/ur3
[1.226s] -- Installing: /home/albin/Master-Thesis---Degree-Project-in-Automatic-Control-for-Engineers---FRTM01/ros2_ws/src/install/ur_description/share/ur_description/meshes/ur3/collision
[1.226s] -- Installing: /home/albin/Master-Thesis---Degree-Project-in-Automatic-Control-for-Engineers---FRTM01/ros2_ws/src/install/ur_description/share/ur_description/meshes/ur3/collision/forearm.stl
[1.227s] -- Installing: /home/albin/Master-Thesis---Degree-Project-in-Automatic-Control-for-Engineers---FRTM01/ros2_ws/src/install/ur_description/share/ur_description/meshes/ur3/collision/shoulder.stl
[1.228s] -- Installing: /home/albin/Master-Thesis---Degree-Project-in-Automatic-Control-for-Engineers---FRTM01/ros2_ws/src/install/ur_description/share/ur_description/meshes/ur3/collision/wrist3.stl
[1.228s] -- Installing: /home/albin/Master-Thesis---Degree-Project-in-Automatic-Control-for-Engineers---FRTM01/ros2_ws/src/install/ur_description/share/ur_description/meshes/ur3/collision/upperarm.stl
[1.228s] -- Installing: /home/albin/Master-Thesis---Degree-Project-in-Automatic-Control-for-Engineers---FRTM01/ros2_ws/src/install/ur_description/share/ur_description/meshes/ur3/collision/wrist2.stl
[1.229s] -- Installing: /home/albin/Master-Thesis---Degree-Project-in-Automatic-Control-for-Engineers---FRTM01/ros2_ws/src/install/ur_description/share/ur_description/meshes/ur3/collision/wrist1.stl
[1.229s] -- Installing: /home/albin/Master-Thesis---Degree-Project-in-Automatic-Control-for-Engineers---FRTM01/ros2_ws/src/install/ur_description/share/ur_description/meshes/ur3/collision/base.stl
[1.229s] -- Installing: /home/albin/Master-Thesis---Degree-Project-in-Automatic-Control-for-Engineers---FRTM01/ros2_ws/src/install/ur_description/share/ur_description/meshes/ur3/visual
[1.230s] -- Installing: /home/albin/Master-Thesis---Degree-Project-in-Automatic-Control-for-Engineers---FRTM01/ros2_ws/src/install/ur_description/share/ur_description/meshes/ur3/visual/shoulder.dae
[1.231s] -- Installing: /home/albin/Master-Thesis---Degree-Project-in-Automatic-Control-for-Engineers---FRTM01/ros2_ws/src/install/ur_description/share/ur_description/meshes/ur3/visual/wrist2.dae
[1.232s] -- Installing: /home/albin/Master-Thesis---Degree-Project-in-Automatic-Control-for-Engineers---FRTM01/ros2_ws/src/install/ur_description/share/ur_description/meshes/ur3/visual/forearm.dae
[1.233s] -- Installing: /home/albin/Master-Thesis---Degree-Project-in-Automatic-Control-for-Engineers---FRTM01/ros2_ws/src/install/ur_description/share/ur_description/meshes/ur3/visual/upperarm.dae
[1.236s] -- Installing: /home/albin/Master-Thesis---Degree-Project-in-Automatic-Control-for-Engineers---FRTM01/ros2_ws/src/install/ur_description/share/ur_description/meshes/ur3/visual/base.dae
[1.237s] -- Installing: /home/albin/Master-Thesis---Degree-Project-in-Automatic-Control-for-Engineers---FRTM01/ros2_ws/src/install/ur_description/share/ur_description/meshes/ur3/visual/wrist1.dae
[1.237s] -- Installing: /home/albin/Master-Thesis---Degree-Project-in-Automatic-Control-for-Engineers---FRTM01/ros2_ws/src/install/ur_description/share/ur_description/meshes/ur3/visual/wrist3.dae
[1.238s] -- Installing: /home/albin/Master-Thesis---Degree-Project-in-Automatic-Control-for-Engineers---FRTM01/ros2_ws/src/install/ur_description/share/ur_description/meshes/ur30
[1.238s] -- Installing: /home/albin/Master-Thesis---Degree-Project-in-Automatic-Control-for-Engineers---FRTM01/ros2_ws/src/install/ur_description/share/ur_description/meshes/ur30/collision
[1.238s] -- Installing: /home/albin/Master-Thesis---Degree-Project-in-Automatic-Control-for-Engineers---FRTM01/ros2_ws/src/install/ur_description/share/ur_description/meshes/ur30/collision/forearm.stl
[1.238s] -- Installing: /home/albin/Master-Thesis---Degree-Project-in-Automatic-Control-for-Engineers---FRTM01/ros2_ws/src/install/ur_description/share/ur_description/meshes/ur30/collision/upperarm.stl
[1.238s] -- Installing: /home/albin/Master-Thesis---Degree-Project-in-Automatic-Control-for-Engineers---FRTM01/ros2_ws/src/install/ur_description/share/ur_description/meshes/ur30/visual
[1.238s] -- Installing: /home/albin/Master-Thesis---Degree-Project-in-Automatic-Control-for-Engineers---FRTM01/ros2_ws/src/install/ur_description/share/ur_description/meshes/ur30/visual/UR30_DIFF_8bit_2K.png
[1.240s] -- Installing: /home/albin/Master-Thesis---Degree-Project-in-Automatic-Control-for-Engineers---FRTM01/ros2_ws/src/install/ur_description/share/ur_description/meshes/ur30/visual/forearm.dae
[1.241s] -- Installing: /home/albin/Master-Thesis---Degree-Project-in-Automatic-Control-for-Engineers---FRTM01/ros2_ws/src/install/ur_description/share/ur_description/meshes/ur30/visual/upperarm.dae
[1.242s] -- Installing: /home/albin/Master-Thesis---Degree-Project-in-Automatic-Control-for-Engineers---FRTM01/ros2_ws/src/install/ur_description/share/ur_description/meshes/ur30/LICENSE.txt
[1.242s] -- Installing: /home/albin/Master-Thesis---Degree-Project-in-Automatic-Control-for-Engineers---FRTM01/ros2_ws/src/install/ur_description/share/ur_description/meshes/ur10
[1.242s] -- Installing: /home/albin/Master-Thesis---Degree-Project-in-Automatic-Control-for-Engineers---FRTM01/ros2_ws/src/install/ur_description/share/ur_description/meshes/ur10/collision
[1.242s] -- Installing: /home/albin/Master-Thesis---Degree-Project-in-Automatic-Control-for-Engineers---FRTM01/ros2_ws/src/install/ur_description/share/ur_description/meshes/ur10/collision/forearm.stl
[1.242s] -- Installing: /home/albin/Master-Thesis---Degree-Project-in-Automatic-Control-for-Engineers---FRTM01/ros2_ws/src/install/ur_description/share/ur_description/meshes/ur10/collision/shoulder.stl
[1.242s] -- Installing: /home/albin/Master-Thesis---Degree-Project-in-Automatic-Control-for-Engineers---FRTM01/ros2_ws/src/install/ur_description/share/ur_description/meshes/ur10/collision/wrist3.stl
[1.242s] -- Installing: /home/albin/Master-Thesis---Degree-Project-in-Automatic-Control-for-Engineers---FRTM01/ros2_ws/src/install/ur_description/share/ur_description/meshes/ur10/collision/upperarm.stl
[1.243s] -- Installing: /home/albin/Master-Thesis---Degree-Project-in-Automatic-Control-for-Engineers---FRTM01/ros2_ws/src/install/ur_description/share/ur_description/meshes/ur10/collision/wrist2.stl
[1.243s] -- Installing: /home/albin/Master-Thesis---Degree-Project-in-Automatic-Control-for-Engineers---FRTM01/ros2_ws/src/install/ur_description/share/ur_description/meshes/ur10/collision/wrist1.stl
[1.243s] -- Installing: /home/albin/Master-Thesis---Degree-Project-in-Automatic-Control-for-Engineers---FRTM01/ros2_ws/src/install/ur_description/share/ur_description/meshes/ur10/collision/base.stl
[1.243s] -- Installing: /home/albin/Master-Thesis---Degree-Project-in-Automatic-Control-for-Engineers---FRTM01/ros2_ws/src/install/ur_description/share/ur_description/meshes/ur10/visual
[1.243s] -- Installing: /home/albin/Master-Thesis---Degree-Project-in-Automatic-Control-for-Engineers---FRTM01/ros2_ws/src/install/ur_description/share/ur_description/meshes/ur10/visual/shoulder.dae
[1.244s] -- Installing: /home/albin/Master-Thesis---Degree-Project-in-Automatic-Control-for-Engineers---FRTM01/ros2_ws/src/install/ur_description/share/ur_description/meshes/ur10/visual/wrist2.dae
[1.247s] -- Installing: /home/albin/Master-Thesis---Degree-Project-in-Automatic-Control-for-Engineers---FRTM01/ros2_ws/src/install/ur_description/share/ur_description/meshes/ur10/visual/forearm.dae
[1.249s] -- Installing: /home/albin/Master-Thesis---Degree-Project-in-Automatic-Control-for-Engineers---FRTM01/ros2_ws/src/install/ur_description/share/ur_description/meshes/ur10/visual/upperarm.dae
[1.252s] -- Installing: /home/albin/Master-Thesis---Degree-Project-in-Automatic-Control-for-Engineers---FRTM01/ros2_ws/src/install/ur_description/share/ur_description/meshes/ur10/visual/base.dae
[1.252s] -- Installing: /home/albin/Master-Thesis---Degree-Project-in-Automatic-Control-for-Engineers---FRTM01/ros2_ws/src/install/ur_description/share/ur_description/meshes/ur10/visual/wrist1.dae
[1.253s] -- Installing: /home/albin/Master-Thesis---Degree-Project-in-Automatic-Control-for-Engineers---FRTM01/ros2_ws/src/install/ur_description/share/ur_description/meshes/ur10/visual/wrist3.dae
[1.254s] -- Installing: /home/albin/Master-Thesis---Degree-Project-in-Automatic-Control-for-Engineers---FRTM01/ros2_ws/src/install/ur_description/share/ur_description/meshes/ur5
[1.254s] -- Installing: /home/albin/Master-Thesis---Degree-Project-in-Automatic-Control-for-Engineers---FRTM01/ros2_ws/src/install/ur_description/share/ur_description/meshes/ur5/collision
[1.254s] -- Installing: /home/albin/Master-Thesis---Degree-Project-in-Automatic-Control-for-Engineers---FRTM01/ros2_ws/src/install/ur_description/share/ur_description/meshes/ur5/collision/forearm.stl
[1.254s] -- Installing: /home/albin/Master-Thesis---Degree-Project-in-Automatic-Control-for-Engineers---FRTM01/ros2_ws/src/install/ur_description/share/ur_description/meshes/ur5/collision/shoulder.stl
[1.254s] -- Installing: /home/albin/Master-Thesis---Degree-Project-in-Automatic-Control-for-Engineers---FRTM01/ros2_ws/src/install/ur_description/share/ur_description/meshes/ur5/collision/wrist3.stl
[1.254s] -- Installing: /home/albin/Master-Thesis---Degree-Project-in-Automatic-Control-for-Engineers---FRTM01/ros2_ws/src/install/ur_description/share/ur_description/meshes/ur5/collision/upperarm.stl
[1.254s] -- Installing: /home/albin/Master-Thesis---Degree-Project-in-Automatic-Control-for-Engineers---FRTM01/ros2_ws/src/install/ur_description/share/ur_description/meshes/ur5/collision/wrist2.stl
[1.255s] -- Installing: /home/albin/Master-Thesis---Degree-Project-in-Automatic-Control-for-Engineers---FRTM01/ros2_ws/src/install/ur_description/share/ur_description/meshes/ur5/collision/wrist1.stl
[1.255s] -- Installing: /home/albin/Master-Thesis---Degree-Project-in-Automatic-Control-for-Engineers---FRTM01/ros2_ws/src/install/ur_description/share/ur_description/meshes/ur5/collision/base.stl
[1.255s] -- Installing: /home/albin/Master-Thesis---Degree-Project-in-Automatic-Control-for-Engineers---FRTM01/ros2_ws/src/install/ur_description/share/ur_description/meshes/ur5/visual
[1.255s] -- Installing: /home/albin/Master-Thesis---Degree-Project-in-Automatic-Control-for-Engineers---FRTM01/ros2_ws/src/install/ur_description/share/ur_description/meshes/ur5/visual/shoulder.dae
[1.256s] -- Installing: /home/albin/Master-Thesis---Degree-Project-in-Automatic-Control-for-Engineers---FRTM01/ros2_ws/src/install/ur_description/share/ur_description/meshes/ur5/visual/wrist2.dae
[1.257s] -- Installing: /home/albin/Master-Thesis---Degree-Project-in-Automatic-Control-for-Engineers---FRTM01/ros2_ws/src/install/ur_description/share/ur_description/meshes/ur5/visual/forearm.dae
[1.259s] -- Installing: /home/albin/Master-Thesis---Degree-Project-in-Automatic-Control-for-Engineers---FRTM01/ros2_ws/src/install/ur_description/share/ur_description/meshes/ur5/visual/upperarm.dae
[1.261s] -- Installing: /home/albin/Master-Thesis---Degree-Project-in-Automatic-Control-for-Engineers---FRTM01/ros2_ws/src/install/ur_description/share/ur_description/meshes/ur5/visual/base.dae
[1.261s] -- Installing: /home/albin/Master-Thesis---Degree-Project-in-Automatic-Control-for-Engineers---FRTM01/ros2_ws/src/install/ur_description/share/ur_description/meshes/ur5/visual/wrist1.dae
[1.262s] -- Installing: /home/albin/Master-Thesis---Degree-Project-in-Automatic-Control-for-Engineers---FRTM01/ros2_ws/src/install/ur_description/share/ur_description/meshes/ur5/visual/wrist3.dae
[1.263s] -- Installing: /home/albin/Master-Thesis---Degree-Project-in-Automatic-Control-for-Engineers---FRTM01/ros2_ws/src/install/ur_description/share/ur_description/meshes/ur5e
[1.263s] -- Installing: /home/albin/Master-Thesis---Degree-Project-in-Automatic-Control-for-Engineers---FRTM01/ros2_ws/src/install/ur_description/share/ur_description/meshes/ur5e/collision
[1.263s] -- Installing: /home/albin/Master-Thesis---Degree-Project-in-Automatic-Control-for-Engineers---FRTM01/ros2_ws/src/install/ur_description/share/ur_description/meshes/ur5e/collision/forearm.stl
[1.263s] -- Installing: /home/albin/Master-Thesis---Degree-Project-in-Automatic-Control-for-Engineers---FRTM01/ros2_ws/src/install/ur_description/share/ur_description/meshes/ur5e/collision/shoulder.stl
[1.263s] -- Installing: /home/albin/Master-Thesis---Degree-Project-in-Automatic-Control-for-Engineers---FRTM01/ros2_ws/src/install/ur_description/share/ur_description/meshes/ur5e/collision/wrist3.stl
[1.263s] -- Installing: /home/albin/Master-Thesis---Degree-Project-in-Automatic-Control-for-Engineers---FRTM01/ros2_ws/src/install/ur_description/share/ur_description/meshes/ur5e/collision/upperarm.stl
[1.263s] -- Installing: /home/albin/Master-Thesis---Degree-Project-in-Automatic-Control-for-Engineers---FRTM01/ros2_ws/src/install/ur_description/share/ur_description/meshes/ur5e/collision/wrist2.stl
[1.264s] -- Installing: /home/albin/Master-Thesis---Degree-Project-in-Automatic-Control-for-Engineers---FRTM01/ros2_ws/src/install/ur_description/share/ur_description/meshes/ur5e/collision/wrist1.stl
[1.264s] -- Installing: /home/albin/Master-Thesis---Degree-Project-in-Automatic-Control-for-Engineers---FRTM01/ros2_ws/src/install/ur_description/share/ur_description/meshes/ur5e/collision/base.stl
[1.264s] -- Installing: /home/albin/Master-Thesis---Degree-Project-in-Automatic-Control-for-Engineers---FRTM01/ros2_ws/src/install/ur_description/share/ur_description/meshes/ur5e/visual
[1.264s] -- Installing: /home/albin/Master-Thesis---Degree-Project-in-Automatic-Control-for-Engineers---FRTM01/ros2_ws/src/install/ur_description/share/ur_description/meshes/ur5e/visual/shoulder.dae
[1.266s] -- Installing: /home/albin/Master-Thesis---Degree-Project-in-Automatic-Control-for-Engineers---FRTM01/ros2_ws/src/install/ur_description/share/ur_description/meshes/ur5e/visual/wrist2.dae
[1.268s] -- Installing: /home/albin/Master-Thesis---Degree-Project-in-Automatic-Control-for-Engineers---FRTM01/ros2_ws/src/install/ur_description/share/ur_description/meshes/ur5e/visual/forearm.dae
[1.269s] -- Installing: /home/albin/Master-Thesis---Degree-Project-in-Automatic-Control-for-Engineers---FRTM01/ros2_ws/src/install/ur_description/share/ur_description/meshes/ur5e/visual/upperarm.dae
[1.272s] -- Installing: /home/albin/Master-Thesis---Degree-Project-in-Automatic-Control-for-Engineers---FRTM01/ros2_ws/src/install/ur_description/share/ur_description/meshes/ur5e/visual/base.dae
[1.273s] -- Installing: /home/albin/Master-Thesis---Degree-Project-in-Automatic-Control-for-Engineers---FRTM01/ros2_ws/src/install/ur_description/share/ur_description/meshes/ur5e/visual/wrist1.dae
[1.274s] -- Installing: /home/albin/Master-Thesis---Degree-Project-in-Automatic-Control-for-Engineers---FRTM01/ros2_ws/src/install/ur_description/share/ur_description/meshes/ur5e/visual/wrist3.dae
[1.274s] -- Installing: /home/albin/Master-Thesis---Degree-Project-in-Automatic-Control-for-Engineers---FRTM01/ros2_ws/src/install/ur_description/share/ur_description/meshes/ur16e
[1.274s] -- Installing: /home/albin/Master-Thesis---Degree-Project-in-Automatic-Control-for-Engineers---FRTM01/ros2_ws/src/install/ur_description/share/ur_description/meshes/ur16e/collision
[1.275s] -- Installing: /home/albin/Master-Thesis---Degree-Project-in-Automatic-Control-for-Engineers---FRTM01/ros2_ws/src/install/ur_description/share/ur_description/meshes/ur16e/collision/forearm.stl
[1.275s] -- Installing: /home/albin/Master-Thesis---Degree-Project-in-Automatic-Control-for-Engineers---FRTM01/ros2_ws/src/install/ur_description/share/ur_description/meshes/ur16e/collision/upperarm.stl
[1.275s] -- Installing: /home/albin/Master-Thesis---Degree-Project-in-Automatic-Control-for-Engineers---FRTM01/ros2_ws/src/install/ur_description/share/ur_description/meshes/ur16e/visual
[1.275s] -- Installing: /home/albin/Master-Thesis---Degree-Project-in-Automatic-Control-for-Engineers---FRTM01/ros2_ws/src/install/ur_description/share/ur_description/meshes/ur16e/visual/forearm.dae
[1.277s] -- Installing: /home/albin/Master-Thesis---Degree-Project-in-Automatic-Control-for-Engineers---FRTM01/ros2_ws/src/install/ur_description/share/ur_description/meshes/ur16e/visual/upperarm.dae
[1.280s] -- Installing: /home/albin/Master-Thesis---Degree-Project-in-Automatic-Control-for-Engineers---FRTM01/ros2_ws/src/install/ur_description/share/ur_description/meshes/ur20
[1.280s] -- Installing: /home/albin/Master-Thesis---Degree-Project-in-Automatic-Control-for-Engineers---FRTM01/ros2_ws/src/install/ur_description/share/ur_description/meshes/ur20/collision
[1.280s] -- Installing: /home/albin/Master-Thesis---Degree-Project-in-Automatic-Control-for-Engineers---FRTM01/ros2_ws/src/install/ur_description/share/ur_description/meshes/ur20/collision/forearm.stl
[1.280s] -- Installing: /home/albin/Master-Thesis---Degree-Project-in-Automatic-Control-for-Engineers---FRTM01/ros2_ws/src/install/ur_description/share/ur_description/meshes/ur20/collision/shoulder.stl
[1.280s] -- Installing: /home/albin/Master-Thesis---Degree-Project-in-Automatic-Control-for-Engineers---FRTM01/ros2_ws/src/install/ur_description/share/ur_description/meshes/ur20/collision/wrist3.stl
[1.280s] -- Installing: /home/albin/Master-Thesis---Degree-Project-in-Automatic-Control-for-Engineers---FRTM01/ros2_ws/src/install/ur_description/share/ur_description/meshes/ur20/collision/upperarm.stl
[1.281s] -- Installing: /home/albin/Master-Thesis---Degree-Project-in-Automatic-Control-for-Engineers---FRTM01/ros2_ws/src/install/ur_description/share/ur_description/meshes/ur20/collision/wrist2.stl
[1.281s] -- Installing: /home/albin/Master-Thesis---Degree-Project-in-Automatic-Control-for-Engineers---FRTM01/ros2_ws/src/install/ur_description/share/ur_description/meshes/ur20/collision/wrist1.stl
[1.281s] -- Installing: /home/albin/Master-Thesis---Degree-Project-in-Automatic-Control-for-Engineers---FRTM01/ros2_ws/src/install/ur_description/share/ur_description/meshes/ur20/collision/base.stl
[1.281s] -- Installing: /home/albin/Master-Thesis---Degree-Project-in-Automatic-Control-for-Engineers---FRTM01/ros2_ws/src/install/ur_description/share/ur_description/meshes/ur20/visual
[1.281s] -- Installing: /home/albin/Master-Thesis---Degree-Project-in-Automatic-Control-for-Engineers---FRTM01/ros2_ws/src/install/ur_description/share/ur_description/meshes/ur20/visual/UR20_DIFF_8bit_2K.png
[1.283s] -- Installing: /home/albin/Master-Thesis---Degree-Project-in-Automatic-Control-for-Engineers---FRTM01/ros2_ws/src/install/ur_description/share/ur_description/meshes/ur20/visual/shoulder.dae
[1.283s] -- Installing: /home/albin/Master-Thesis---Degree-Project-in-Automatic-Control-for-Engineers---FRTM01/ros2_ws/src/install/ur_description/share/ur_description/meshes/ur20/visual/wrist2.dae
[1.284s] -- Installing: /home/albin/Master-Thesis---Degree-Project-in-Automatic-Control-for-Engineers---FRTM01/ros2_ws/src/install/ur_description/share/ur_description/meshes/ur20/visual/forearm.dae
[1.285s] -- Installing: /home/albin/Master-Thesis---Degree-Project-in-Automatic-Control-for-Engineers---FRTM01/ros2_ws/src/install/ur_description/share/ur_description/meshes/ur20/visual/upperarm.dae
[1.285s] -- Installing: /home/albin/Master-Thesis---Degree-Project-in-Automatic-Control-for-Engineers---FRTM01/ros2_ws/src/install/ur_description/share/ur_description/meshes/ur20/visual/base.dae
[1.286s] -- Installing: /home/albin/Master-Thesis---Degree-Project-in-Automatic-Control-for-Engineers---FRTM01/ros2_ws/src/install/ur_description/share/ur_description/meshes/ur20/visual/wrist1.dae
[1.287s] -- Installing: /home/albin/Master-Thesis---Degree-Project-in-Automatic-Control-for-Engineers---FRTM01/ros2_ws/src/install/ur_description/share/ur_description/meshes/ur20/visual/wrist3.dae
[1.287s] -- Installing: /home/albin/Master-Thesis---Degree-Project-in-Automatic-Control-for-Engineers---FRTM01/ros2_ws/src/install/ur_description/share/ur_description/meshes/ur20/LICENSE.txt
[1.287s] -- Installing: /home/albin/Master-Thesis---Degree-Project-in-Automatic-Control-for-Engineers---FRTM01/ros2_ws/src/install/ur_description/share/ur_description/meshes/ur3e
[1.287s] -- Installing: /home/albin/Master-Thesis---Degree-Project-in-Automatic-Control-for-Engineers---FRTM01/ros2_ws/src/install/ur_description/share/ur_description/meshes/ur3e/collision
[1.287s] -- Installing: /home/albin/Master-Thesis---Degree-Project-in-Automatic-Control-for-Engineers---FRTM01/ros2_ws/src/install/ur_description/share/ur_description/meshes/ur3e/collision/forearm.stl
[1.288s] -- Installing: /home/albin/Master-Thesis---Degree-Project-in-Automatic-Control-for-Engineers---FRTM01/ros2_ws/src/install/ur_description/share/ur_description/meshes/ur3e/collision/shoulder.stl
[1.288s] -- Installing: /home/albin/Master-Thesis---Degree-Project-in-Automatic-Control-for-Engineers---FRTM01/ros2_ws/src/install/ur_description/share/ur_description/meshes/ur3e/collision/wrist3.stl
[1.288s] -- Installing: /home/albin/Master-Thesis---Degree-Project-in-Automatic-Control-for-Engineers---FRTM01/ros2_ws/src/install/ur_description/share/ur_description/meshes/ur3e/collision/upperarm.stl
[1.288s] -- Installing: /home/albin/Master-Thesis---Degree-Project-in-Automatic-Control-for-Engineers---FRTM01/ros2_ws/src/install/ur_description/share/ur_description/meshes/ur3e/collision/wrist2.stl
[1.288s] -- Installing: /home/albin/Master-Thesis---Degree-Project-in-Automatic-Control-for-Engineers---FRTM01/ros2_ws/src/install/ur_description/share/ur_description/meshes/ur3e/collision/wrist1.stl
[1.288s] -- Installing: /home/albin/Master-Thesis---Degree-Project-in-Automatic-Control-for-Engineers---FRTM01/ros2_ws/src/install/ur_description/share/ur_description/meshes/ur3e/collision/base.stl
[1.289s] -- Installing: /home/albin/Master-Thesis---Degree-Project-in-Automatic-Control-for-Engineers---FRTM01/ros2_ws/src/install/ur_description/share/ur_description/meshes/ur3e/visual
[1.289s] -- Installing: /home/albin/Master-Thesis---Degree-Project-in-Automatic-Control-for-Engineers---FRTM01/ros2_ws/src/install/ur_description/share/ur_description/meshes/ur3e/visual/shoulder.dae
[1.291s] -- Installing: /home/albin/Master-Thesis---Degree-Project-in-Automatic-Control-for-Engineers---FRTM01/ros2_ws/src/install/ur_description/share/ur_description/meshes/ur3e/visual/wrist2.dae
[1.292s] -- Installing: /home/albin/Master-Thesis---Degree-Project-in-Automatic-Control-for-Engineers---FRTM01/ros2_ws/src/install/ur_description/share/ur_description/meshes/ur3e/visual/forearm.dae
[1.294s] -- Installing: /home/albin/Master-Thesis---Degree-Project-in-Automatic-Control-for-Engineers---FRTM01/ros2_ws/src/install/ur_description/share/ur_description/meshes/ur3e/visual/upperarm.dae
[1.298s] -- Installing: /home/albin/Master-Thesis---Degree-Project-in-Automatic-Control-for-Engineers---FRTM01/ros2_ws/src/install/ur_description/share/ur_description/meshes/ur3e/visual/base.dae
[1.298s] -- Installing: /home/albin/Master-Thesis---Degree-Project-in-Automatic-Control-for-Engineers---FRTM01/ros2_ws/src/install/ur_description/share/ur_description/meshes/ur3e/visual/wrist1.dae
[1.300s] -- Installing: /home/albin/Master-Thesis---Degree-Project-in-Automatic-Control-for-Engineers---FRTM01/ros2_ws/src/install/ur_description/share/ur_description/meshes/ur3e/visual/wrist3.dae
[1.300s] -- Installing: /home/albin/Master-Thesis---Degree-Project-in-Automatic-Control-for-Engineers---FRTM01/ros2_ws/src/install/ur_description/share/ur_description/rviz
[1.300s] -- Installing: /home/albin/Master-Thesis---Degree-Project-in-Automatic-Control-for-Engineers---FRTM01/ros2_ws/src/install/ur_description/share/ur_description/rviz/view_robot.rviz
[1.300s] -- Installing: /home/albin/Master-Thesis---Degree-Project-in-Automatic-Control-for-Engineers---FRTM01/ros2_ws/src/install/ur_description/share/ur_description/urdf
[1.300s] -- Installing: /home/albin/Master-Thesis---Degree-Project-in-Automatic-Control-for-Engineers---FRTM01/ros2_ws/src/install/ur_description/share/ur_description/urdf/inc
[1.300s] -- Installing: /home/albin/Master-Thesis---Degree-Project-in-Automatic-Control-for-Engineers---FRTM01/ros2_ws/src/install/ur_description/share/ur_description/urdf/inc/ur_joint_control.xacro
[1.300s] -- Installing: /home/albin/Master-Thesis---Degree-Project-in-Automatic-Control-for-Engineers---FRTM01/ros2_ws/src/install/ur_description/share/ur_description/urdf/inc/ur_transmissions.xacro
[1.300s] -- Installing: /home/albin/Master-Thesis---Degree-Project-in-Automatic-Control-for-Engineers---FRTM01/ros2_ws/src/install/ur_description/share/ur_description/urdf/inc/ur_sensors.xacro
[1.300s] -- Installing: /home/albin/Master-Thesis---Degree-Project-in-Automatic-Control-for-Engineers---FRTM01/ros2_ws/src/install/ur_description/share/ur_description/urdf/inc/ur_common.xacro
[1.301s] -- Installing: /home/albin/Master-Thesis---Degree-Project-in-Automatic-Control-for-Engineers---FRTM01/ros2_ws/src/install/ur_description/share/ur_description/urdf/ur_mocked.urdf.xacro
[1.301s] -- Installing: /home/albin/Master-Thesis---Degree-Project-in-Automatic-Control-for-Engineers---FRTM01/ros2_ws/src/install/ur_description/share/ur_description/urdf/ur_macro.xacro
[1.301s] -- Installing: /home/albin/Master-Thesis---Degree-Project-in-Automatic-Control-for-Engineers---FRTM01/ros2_ws/src/install/ur_description/share/ur_description/urdf/ros2_control_mock_hardware.xacro
[1.301s] -- Installing: /home/albin/Master-Thesis---Degree-Project-in-Automatic-Control-for-Engineers---FRTM01/ros2_ws/src/install/ur_description/share/ur_description/urdf/ur.urdf.xacro
[1.301s] -- Installing: /home/albin/Master-Thesis---Degree-Project-in-Automatic-Control-for-Engineers---FRTM01/ros2_ws/src/install/ur_description/share/ur_description/test
[1.301s] -- Installing: /home/albin/Master-Thesis---Degree-Project-in-Automatic-Control-for-Engineers---FRTM01/ros2_ws/src/install/ur_description/share/ur_description/test/test_ur_urdf_xacro.py
[1.301s] -- Installing: /home/albin/Master-Thesis---Degree-Project-in-Automatic-Control-for-Engineers---FRTM01/ros2_ws/src/install/ur_description/share/ur_description/test/test_view_ur_launch.py
[1.301s] -- Installing: /home/albin/Master-Thesis---Degree-Project-in-Automatic-Control-for-Engineers---FRTM01/ros2_ws/src/install/ur_description/share/ament_index/resource_index/package_run_dependencies/ur_description
[1.302s] -- Installing: /home/albin/Master-Thesis---Degree-Project-in-Automatic-Control-for-Engineers---FRTM01/ros2_ws/src/install/ur_description/share/ament_index/resource_index/parent_prefix_path/ur_description
[1.302s] -- Installing: /home/albin/Master-Thesis---Degree-Project-in-Automatic-Control-for-Engineers---FRTM01/ros2_ws/src/install/ur_description/share/ur_description/environment/ament_prefix_path.sh
[1.302s] -- Installing: /home/albin/Master-Thesis---Degree-Project-in-Automatic-Control-for-Engineers---FRTM01/ros2_ws/src/install/ur_description/share/ur_description/environment/ament_prefix_path.dsv
[1.302s] -- Installing: /home/albin/Master-Thesis---Degree-Project-in-Automatic-Control-for-Engineers---FRTM01/ros2_ws/src/install/ur_description/share/ur_description/environment/path.sh
[1.302s] -- Installing: /home/albin/Master-Thesis---Degree-Project-in-Automatic-Control-for-Engineers---FRTM01/ros2_ws/src/install/ur_description/share/ur_description/environment/path.dsv
[1.302s] -- Installing: /home/albin/Master-Thesis---Degree-Project-in-Automatic-Control-for-Engineers---FRTM01/ros2_ws/src/install/ur_description/share/ur_description/local_setup.bash
[1.302s] -- Installing: /home/albin/Master-Thesis---Degree-Project-in-Automatic-Control-for-Engineers---FRTM01/ros2_ws/src/install/ur_description/share/ur_description/local_setup.sh
[1.303s] -- Installing: /home/albin/Master-Thesis---Degree-Project-in-Automatic-Control-for-Engineers---FRTM01/ros2_ws/src/install/ur_description/share/ur_description/local_setup.zsh
[1.303s] -- Installing: /home/albin/Master-Thesis---Degree-Project-in-Automatic-Control-for-Engineers---FRTM01/ros2_ws/src/install/ur_description/share/ur_description/local_setup.dsv
[1.303s] -- Installing: /home/albin/Master-Thesis---Degree-Project-in-Automatic-Control-for-Engineers---FRTM01/ros2_ws/src/install/ur_description/share/ur_description/package.dsv
[1.303s] -- Installing: /home/albin/Master-Thesis---Degree-Project-in-Automatic-Control-for-Engineers---FRTM01/ros2_ws/src/install/ur_description/share/ament_index/resource_index/packages/ur_description
[1.303s] -- Installing: /home/albin/Master-Thesis---Degree-Project-in-Automatic-Control-for-Engineers---FRTM01/ros2_ws/src/install/ur_description/share/ur_description/cmake/ur_descriptionConfig.cmake
[1.303s] -- Installing: /home/albin/Master-Thesis---Degree-Project-in-Automatic-Control-for-Engineers---FRTM01/ros2_ws/src/install/ur_description/share/ur_description/cmake/ur_descriptionConfig-version.cmake
[1.303s] -- Installing: /home/albin/Master-Thesis---Degree-Project-in-Automatic-Control-for-Engineers---FRTM01/ros2_ws/src/install/ur_description/share/ur_description/package.xml
[1.305s] Invoked command in '/home/albin/Master-Thesis---Degree-Project-in-Automatic-Control-for-Engineers---FRTM01/ros2_ws/src/build/ur_description' returned '0': CMAKE_PREFIX_PATH=/opt/ros/humble /usr/bin/cmake --install /home/albin/Master-Thesis---Degree-Project-in-Automatic-Control-for-Engineers---FRTM01/ros2_ws/src/build/ur_description
